<?xml version="1.0" encoding="UTF-8"?>
<!-- Generated by org.testng.reporters.JUnitXMLReporter -->
<testsuite ignored="0" hostname="DESKTOP-L3U3DAD" failures="0" tests="12" name="Default test" time="27.692" errors="0" timestamp="2025-05-12T15:01:17 GMT+03:00">
  <testcase classname="almosaferTestng1.almosaferTestng1.AppTest" name="checkDefaultLangIsEn" time="2.194"/>
  <testcase classname="almosaferTestng1.almosaferTestng1.AppTest" name="checkDefaultCurrencyisSAR" time="0.058"/>
  <testcase classname="almosaferTestng1.almosaferTestng1.AppTest" name="checkContactNumber" time="0.042"/>
  <testcase classname="almosaferTestng1.almosaferTestng1.AppTest" name="checkQitafLogoIsDisplayed" time="0.099"/>
  <testcase classname="almosaferTestng1.almosaferTestng1.AppTest" name="checkHotelSearchNotSelectedByDefault" time="0.031"/>
  <testcase classname="almosaferTestng1.almosaferTestng1.AppTest" name="checkFlightDepartureDefaultDate" time="0.037"/>
  <testcase classname="almosaferTestng1.almosaferTestng1.AppTest" name="checkFlighReturnDefaultDate" time="0.035"/>
  <testcase classname="almosaferTestng1.almosaferTestng1.AppTest" name="changeLanguage" time="4.552"/>
  <testcase classname="almosaferTestng1.almosaferTestng1.AppTest" name="typeValueInhotelSearchInputBasedOnLang" time="1.033"/>
  <testcase classname="almosaferTestng1.almosaferTestng1.AppTest" name="chooseRandomRoom" time="0.226"/>
  <testcase classname="almosaferTestng1.almosaferTestng1.AppTest" name="clickSearchButton" time="13.018"/>
  <testcase classname="almosaferTestng1.almosaferTestng1.AppTest" name="checkThePageIsUploaded" time="0.015"/>
</testsuite> <!-- Default test -->
