<?xml version="1.0" encoding="UTF-8"?>
<!-- Generated by org.testng.reporters.JUnitXMLReporter -->
<testsuite ignored="0" hostname="DESKTOP-L3U3DAD" failures="0" tests="12" name="Default test" time="45.202" errors="0" timestamp="2025-05-04T20:54:51 GMT+03:00">
  <testcase classname="almosaferTestng1.almosaferTestng1.AppTest" name="checkDefaultLangIsEn" time="2.076"/>
  <testcase classname="almosaferTestng1.almosaferTestng1.AppTest" name="checkDefaultCurrencyisSAR" time="0.076"/>
  <testcase classname="almosaferTestng1.almosaferTestng1.AppTest" name="checkContactNumber" time="0.063"/>
  <testcase classname="almosaferTestng1.almosaferTestng1.AppTest" name="checkQitafLogoIsDisplayed" time="2.099"/>
  <testcase classname="almosaferTestng1.almosaferTestng1.AppTest" name="checkHotelSearchNotSelectedByDefault" time="0.903"/>
  <testcase classname="almosaferTestng1.almosaferTestng1.AppTest" name="checkFlightDepartureDefaultDate" time="0.042"/>
  <testcase classname="almosaferTestng1.almosaferTestng1.AppTest" name="checkFlighReturnDefaultDate" time="0.055"/>
  <testcase classname="almosaferTestng1.almosaferTestng1.AppTest" name="changeLanguage" time="2.13"/>
  <testcase classname="almosaferTestng1.almosaferTestng1.AppTest" name="typeValueInhotelSearchInputBasedOnLang" time="4.574"/>
  <testcase classname="almosaferTestng1.almosaferTestng1.AppTest" name="chooseRandomRoom" time="0.317"/>
  <testcase classname="almosaferTestng1.almosaferTestng1.AppTest" name="clickSearchButton" time="24.978"/>
  <testcase classname="almosaferTestng1.almosaferTestng1.AppTest" name="checkThePageIsUploaded" time="0.203"/>
</testsuite> <!-- Default test -->
