<?xml version="1.0" encoding="UTF-8"?>
<testng-results ignored="0" total="12" passed="12" failed="0" skipped="0">
  <reporter-output>
  </reporter-output>
  <suite started-at="2025-05-04T20:54:06 GMT+03:00" name="Default suite" finished-at="2025-05-04T20:54:51 GMT+03:00" duration-ms="45202">
    <groups>
    </groups>
    <test started-at="2025-05-04T20:54:06 GMT+03:00" name="Default test" finished-at="2025-05-04T20:54:51 GMT+03:00" duration-ms="45202">
      <class name="almosaferTestng1.almosaferTestng1.AppTest">
        <test-method is-config="true" signature="mySetup()[pri:0, instance:almosaferTestng1.almosaferTestng1.AppTest@2e554a3b]" started-at="2025-05-04T20:54:06 GMT+03:00" name="mySetup" finished-at="2025-05-04T20:54:13 GMT+03:00" duration-ms="7199" status="PASS">
          <reporter-output>
          </reporter-output>
        </test-method> <!-- mySetup -->
        <test-method signature="checkDefaultLangIsEn()[pri:1, instance:almosaferTestng1.almosaferTestng1.AppTest@2e554a3b]" started-at="2025-05-04T20:54:13 GMT+03:00" name="checkDefaultLangIsEn" finished-at="2025-05-04T20:54:15 GMT+03:00" duration-ms="2076" status="PASS">
          <reporter-output>
          </reporter-output>
        </test-method> <!-- checkDefaultLangIsEn -->
        <test-method signature="checkDefaultCurrencyisSAR()[pri:2, instance:almosaferTestng1.almosaferTestng1.AppTest@2e554a3b]" started-at="2025-05-04T20:54:15 GMT+03:00" name="checkDefaultCurrencyisSAR" finished-at="2025-05-04T20:54:15 GMT+03:00" duration-ms="76" status="PASS">
          <reporter-output>
          </reporter-output>
        </test-method> <!-- checkDefaultCurrencyisSAR -->
        <test-method signature="checkContactNumber()[pri:3, instance:almosaferTestng1.almosaferTestng1.AppTest@2e554a3b]" started-at="2025-05-04T20:54:15 GMT+03:00" name="checkContactNumber" finished-at="2025-05-04T20:54:15 GMT+03:00" duration-ms="63" status="PASS">
          <reporter-output>
          </reporter-output>
        </test-method> <!-- checkContactNumber -->
        <test-method signature="checkQitafLogoIsDisplayed()[pri:4, instance:almosaferTestng1.almosaferTestng1.AppTest@2e554a3b]" started-at="2025-05-04T20:54:15 GMT+03:00" name="checkQitafLogoIsDisplayed" finished-at="2025-05-04T20:54:17 GMT+03:00" duration-ms="2099" status="PASS">
          <reporter-output>
          </reporter-output>
        </test-method> <!-- checkQitafLogoIsDisplayed -->
        <test-method signature="checkHotelSearchNotSelectedByDefault()[pri:5, instance:almosaferTestng1.almosaferTestng1.AppTest@2e554a3b]" started-at="2025-05-04T20:54:17 GMT+03:00" name="checkHotelSearchNotSelectedByDefault" finished-at="2025-05-04T20:54:18 GMT+03:00" duration-ms="903" status="PASS">
          <reporter-output>
          </reporter-output>
        </test-method> <!-- checkHotelSearchNotSelectedByDefault -->
        <test-method signature="checkFlightDepartureDefaultDate()[pri:6, instance:almosaferTestng1.almosaferTestng1.AppTest@2e554a3b]" started-at="2025-05-04T20:54:18 GMT+03:00" name="checkFlightDepartureDefaultDate" finished-at="2025-05-04T20:54:18 GMT+03:00" duration-ms="42" status="PASS">
          <reporter-output>
          </reporter-output>
        </test-method> <!-- checkFlightDepartureDefaultDate -->
        <test-method signature="checkFlighReturnDefaultDate()[pri:7, instance:almosaferTestng1.almosaferTestng1.AppTest@2e554a3b]" started-at="2025-05-04T20:54:18 GMT+03:00" name="checkFlighReturnDefaultDate" finished-at="2025-05-04T20:54:18 GMT+03:00" duration-ms="55" status="PASS">
          <reporter-output>
          </reporter-output>
        </test-method> <!-- checkFlighReturnDefaultDate -->
        <test-method signature="changeLanguage()[pri:8, instance:almosaferTestng1.almosaferTestng1.AppTest@2e554a3b]" started-at="2025-05-04T20:54:18 GMT+03:00" name="changeLanguage" finished-at="2025-05-04T20:54:20 GMT+03:00" duration-ms="2130" status="PASS">
          <reporter-output>
          </reporter-output>
        </test-method> <!-- changeLanguage -->
        <test-method signature="typeValueInhotelSearchInputBasedOnLang()[pri:9, instance:almosaferTestng1.almosaferTestng1.AppTest@2e554a3b]" started-at="2025-05-04T20:54:20 GMT+03:00" name="typeValueInhotelSearchInputBasedOnLang" finished-at="2025-05-04T20:54:25 GMT+03:00" duration-ms="4574" status="PASS">
          <reporter-output>
          </reporter-output>
        </test-method> <!-- typeValueInhotelSearchInputBasedOnLang -->
        <test-method signature="chooseRandomRoom()[pri:10, instance:almosaferTestng1.almosaferTestng1.AppTest@2e554a3b]" started-at="2025-05-04T20:54:25 GMT+03:00" name="chooseRandomRoom" finished-at="2025-05-04T20:54:25 GMT+03:00" duration-ms="317" status="PASS">
          <reporter-output>
          </reporter-output>
        </test-method> <!-- chooseRandomRoom -->
        <test-method signature="clickSearchButton()[pri:11, instance:almosaferTestng1.almosaferTestng1.AppTest@2e554a3b]" started-at="2025-05-04T20:54:25 GMT+03:00" name="clickSearchButton" finished-at="2025-05-04T20:54:50 GMT+03:00" duration-ms="24978" status="PASS">
          <reporter-output>
          </reporter-output>
        </test-method> <!-- clickSearchButton -->
        <test-method signature="checkThePageIsUploaded()[pri:12, instance:almosaferTestng1.almosaferTestng1.AppTest@2e554a3b]" started-at="2025-05-04T20:54:50 GMT+03:00" name="checkThePageIsUploaded" finished-at="2025-05-04T20:54:50 GMT+03:00" duration-ms="203" status="PASS">
          <reporter-output>
          </reporter-output>
        </test-method> <!-- checkThePageIsUploaded -->
        <test-method is-config="true" signature="closeTheWebsite()[pri:0, instance:almosaferTestng1.almosaferTestng1.AppTest@2e554a3b]" started-at="2025-05-04T20:54:50 GMT+03:00" name="closeTheWebsite" finished-at="2025-05-04T20:54:51 GMT+03:00" duration-ms="345" status="PASS">
          <reporter-output>
          </reporter-output>
        </test-method> <!-- closeTheWebsite -->
      </class> <!-- almosaferTestng1.almosaferTestng1.AppTest -->
    </test> <!-- Default test -->
  </suite> <!-- Default suite -->
</testng-results>
